<?xml version="1.0" encoding="UTF-8"?>
<!-- Generated by org.testng.reporters.JUnitXMLReporter -->
<testsuite ignored="0" hostname="Sriuma-MBP.attlocal.net" failures="0" tests="6" name="Default test" time="4.911" errors="0" timestamp="2021-03-02T09:24:31 PST">
  <testcase classname="restapitest.restapitestingframework.tests.NasaSearchAPIByTextTest" name="searchWithEmptyString" time="1.34"/>
  <testcase classname="restapitest.restapitestingframework.tests.NasaSearchAPIByTextTest" name="searchWithInvalidyString" time="0.487"/>
  <testcase classname="restapitest.restapitestingframework.tests.NasaSearchAPIByTextTest" name="searchWithNull" time="0.214"/>
  <testcase classname="restapitest.restapitestingframework.tests.NasaSearchAPIByTextTest" name="searchWithValidTextInLowercase" time="1.024"/>
  <testcase classname="restapitest.restapitestingframework.tests.NasaSearchAPIByTextTest" name="searchWithValidTextInMixedcase" time="0.644"/>
  <testcase classname="restapitest.restapitestingframework.tests.NasaSearchAPIByTextTest" name="searchWithValidTextInUppercase" time="0.751"/>
</testsuite> <!-- Default test -->
