<?xml version="1.0" encoding="UTF-8"?>
<!-- Generated by org.testng.reporters.JUnitXMLReporter -->
<testsuite ignored="0" hostname="Sriuma-MBP.attlocal.net" failures="2" tests="16" name="testing NASA Search API" time="6.882" errors="0" timestamp="2021-03-02T09:24:44 PST">
  <testcase classname="restapitest.restapitestingframework.tests.NasaSearchAPIByTextTest" name="searchWithEmptyString" time="1.362"/>
  <testcase classname="restapitest.restapitestingframework.tests.NasaSearchAPIByTextTest" name="searchWithInvalidyString" time="0.371"/>
  <testcase classname="restapitest.restapitestingframework.tests.NasaSearchAPIByTextTest" name="searchWithNull" time="0.505"/>
  <testcase classname="restapitest.restapitestingframework.tests.NasaSearchAPIByTextTest" name="searchWithValidTextInLowercase" time="1.03"/>
  <testcase classname="restapitest.restapitestingframework.tests.NasaSearchAPIByTextTest" name="searchWithValidTextInMixedcase" time="0.282"/>
  <testcase classname="restapitest.restapitestingframework.tests.NasaSearchAPIByTextTest" name="searchWithValidTextInUppercase" time="0.665"/>
  <testcase classname="restapitest.restapitestingframework.tests.NasaSearchByMediaTypeTest" name="searchWithEmptyString" time="0.203">
    <failure type="java.lang.AssertionError" message="expected [400] but found [200]">
      <![CDATA[java.lang.AssertionError: expected [400] but found [200]
at restapitest.restapitestingframework.tests.NasaSearchByMediaTypeTest.searchWithEmptyString(NasaSearchByMediaTypeTest.java:159)
at java.base/java.util.ArrayList.forEach(ArrayList.java:1510)
... Removed 33 stack frames]]>
    </failure>
  </testcase> <!-- searchWithEmptyString -->
  <testcase classname="restapitest.restapitestingframework.tests.NasaSearchByMediaTypeTest" name="searchWithInvalidyString" time="0.182"/>
  <testcase classname="restapitest.restapitestingframework.tests.NasaSearchByMediaTypeTest" name="searchWithNull" time="0.177">
    <failure type="java.lang.AssertionError" message="expected [400] but found [200]">
      <![CDATA[java.lang.AssertionError: expected [400] but found [200]
at restapitest.restapitestingframework.tests.NasaSearchByMediaTypeTest.searchWithNull(NasaSearchByMediaTypeTest.java:145)
at java.base/java.util.ArrayList.forEach(ArrayList.java:1510)
... Removed 33 stack frames]]>
    </failure>
  </testcase> <!-- searchWithNull -->
  <testcase classname="restapitest.restapitestingframework.tests.NasaSearchByMediaTypeTest" name="searchWithValidTextInLowercase" time="0.353"/>
  <testcase classname="restapitest.restapitestingframework.tests.NasaSearchByMediaTypeTest" name="searchWithValidTextInMixedcase" time="0.366"/>
  <testcase classname="restapitest.restapitestingframework.tests.NasaSearchByMediaTypeTest" name="searchWithValidTextInUppercase" time="0.205"/>
  <testcase classname="restapitest.restapitestingframework.tests.NasaSearchAPIByDateTest" name="searchWithInvalidEndYear" time="0.18"/>
  <testcase classname="restapitest.restapitestingframework.tests.NasaSearchAPIByDateTest" name="searchWithInvalidStartYear" time="0.174"/>
  <testcase classname="restapitest.restapitestingframework.tests.NasaSearchAPIByDateTest" name="searchWithOptionalParameters" time="0.182"/>
  <testcase classname="restapitest.restapitestingframework.tests.NasaSearchAPIByDateTest" name="searchWithStartYearInFuture" time="0.192"/>
</testsuite> <!-- testing NASA Search API -->
